Assuming unrestricted shared filesystem usage.
Building DAG of jobs...
Using shell: /usr/bin/bash
Provided cores: 30
Rules claiming more threads will be scaled down.
Job stats:
job                           count
--------------------------  -------
all                               1
spatial_merge                     3
spatial_projection_call          24
sun1_segmentation_pipeline       24
total                            52

Select jobs to execute...
Execute 24 jobs...

[Sun May 12 13:06:43 2024]
localrule sun1_segmentation_pipeline:
    input: raw_data/spatial2/Panorama_spatial2_W6A1_GFP-class_R9_.tiff
    output: processed_data/spatial2/C2_sun1_cells_rois.npz, processed_data/spatial2/C2_sun1_imagej_rois.zip, processed_data/spatial2/C2_sun1_area_correction_rois.npz
    jobid: 61
    reason: Code has changed since last execution
    wildcards: run_index=spatial2, section_index=C2
    resources: tmpdir=/tmp


[Sun May 12 13:06:44 2024]
localrule sun1_segmentation_pipeline:
    input: raw_data/spatial3/Panorama_spatial3_W1A1_GFP-class_R9_.tiff
    output: processed_data/spatial3/B1_sun1_cells_rois.npz, processed_data/spatial3/B1_sun1_imagej_rois.zip, processed_data/spatial3/B1_sun1_area_correction_rois.npz
    jobid: 73
    reason: Code has changed since last execution
    wildcards: run_index=spatial3, section_index=B1
    resources: tmpdir=/tmp


[Sun May 12 13:06:44 2024]
localrule sun1_segmentation_pipeline:
    input: raw_data/spatial2/Panorama_spatial2_W1A1_GFP-class_R9_.tiff
    output: processed_data/spatial2/B1_sun1_cells_rois.npz, processed_data/spatial2/B1_sun1_imagej_rois.zip, processed_data/spatial2/B1_sun1_area_correction_rois.npz
    jobid: 41
    reason: Code has changed since last execution
    wildcards: run_index=spatial2, section_index=B1
    resources: tmpdir=/tmp


[Sun May 12 13:06:44 2024]
localrule sun1_segmentation_pipeline:
    input: raw_data/spatial1/Panorama_Spatial1_serie2_W4A1_GFP-class_R12_.tiff
    output: processed_data/spatial1/A2_sun1_cells_rois.npz, processed_data/spatial1/A2_sun1_imagej_rois.zip, processed_data/spatial1/A2_sun1_area_correction_rois.npz
    jobid: 21
    reason: Code has changed since last execution
    wildcards: run_index=spatial1, section_index=A2
    resources: tmpdir=/tmp


[Sun May 12 13:06:44 2024]
localrule sun1_segmentation_pipeline:
    input: raw_data/spatial3/Panorama_spatial3_W5A1_GFP-class_R9_.tiff
    output: processed_data/spatial3/B2_sun1_cells_rois.npz, processed_data/spatial3/B2_sun1_imagej_rois.zip, processed_data/spatial3/B2_sun1_area_correction_rois.npz
    jobid: 89
    reason: Code has changed since last execution
    wildcards: run_index=spatial3, section_index=B2
    resources: tmpdir=/tmp


[Sun May 12 13:06:44 2024]
localrule sun1_segmentation_pipeline:
    input: raw_data/spatial3/Panorama_spatial3_W2A1_GFP-class_R9_.tiff
    output: processed_data/spatial3/C1_sun1_cells_rois.npz, processed_data/spatial3/C1_sun1_imagej_rois.zip, processed_data/spatial3/C1_sun1_area_correction_rois.npz
    jobid: 77
    reason: Code has changed since last execution
    wildcards: run_index=spatial3, section_index=C1
    resources: tmpdir=/tmp


[Sun May 12 13:06:44 2024]
localrule sun1_segmentation_pipeline:
    input: raw_data/spatial3/Panorama_spatial3_W3A1_GFP-class_R9_.tiff
    output: processed_data/spatial3/D1_sun1_cells_rois.npz, processed_data/spatial3/D1_sun1_imagej_rois.zip, processed_data/spatial3/D1_sun1_area_correction_rois.npz
    jobid: 81
    reason: Code has changed since last execution
    wildcards: run_index=spatial3, section_index=D1
    resources: tmpdir=/tmp


[Sun May 12 13:06:44 2024]
localrule sun1_segmentation_pipeline:
    input: raw_data/spatial2/Panorama_spatial2_W0A1_GFP-class_R9_.tiff
    output: processed_data/spatial2/A1_sun1_cells_rois.npz, processed_data/spatial2/A1_sun1_imagej_rois.zip, processed_data/spatial2/A1_sun1_area_correction_rois.npz
    jobid: 37
    reason: Code has changed since last execution
    wildcards: run_index=spatial2, section_index=A1
    resources: tmpdir=/tmp


[Sun May 12 13:06:44 2024]
localrule sun1_segmentation_pipeline:
    input: raw_data/spatial2/Panorama_spatial2_W4A1_GFP-class_R9_.tiff
    output: processed_data/spatial2/A2_sun1_cells_rois.npz, processed_data/spatial2/A2_sun1_imagej_rois.zip, processed_data/spatial2/A2_sun1_area_correction_rois.npz
    jobid: 53
    reason: Code has changed since last execution
    wildcards: run_index=spatial2, section_index=A2
    resources: tmpdir=/tmp


[Sun May 12 13:06:44 2024]
localrule sun1_segmentation_pipeline:
    input: raw_data/spatial3/Panorama_spatial3_W4A1_GFP-class_R9_.tiff
    output: processed_data/spatial3/A2_sun1_cells_rois.npz, processed_data/spatial3/A2_sun1_imagej_rois.zip, processed_data/spatial3/A2_sun1_area_correction_rois.npz
    jobid: 85
    reason: Code has changed since last execution
    wildcards: run_index=spatial3, section_index=A2
    resources: tmpdir=/tmp


[Sun May 12 13:06:44 2024]
localrule sun1_segmentation_pipeline:
    input: raw_data/spatial1/Panorama_Spatial1_serie2_W7A1_GFP-class_R12_.tiff
    output: processed_data/spatial1/D2_sun1_cells_rois.npz, processed_data/spatial1/D2_sun1_imagej_rois.zip, processed_data/spatial1/D2_sun1_area_correction_rois.npz
    jobid: 33
    reason: Code has changed since last execution
    wildcards: run_index=spatial1, section_index=D2
    resources: tmpdir=/tmp


[Sun May 12 13:06:44 2024]
localrule sun1_segmentation_pipeline:
    input: raw_data/spatial2/Panorama_spatial2_W3A1_GFP-class_R9_.tiff
    output: processed_data/spatial2/D1_sun1_cells_rois.npz, processed_data/spatial2/D1_sun1_imagej_rois.zip, processed_data/spatial2/D1_sun1_area_correction_rois.npz
    jobid: 49
    reason: Code has changed since last execution
    wildcards: run_index=spatial2, section_index=D1
    resources: tmpdir=/tmp


[Sun May 12 13:06:44 2024]
localrule sun1_segmentation_pipeline:
    input: raw_data/spatial3/Panorama_spatial3_W6A1_GFP-class_R9_.tiff
    output: processed_data/spatial3/C2_sun1_cells_rois.npz, processed_data/spatial3/C2_sun1_imagej_rois.zip, processed_data/spatial3/C2_sun1_area_correction_rois.npz
    jobid: 93
    reason: Code has changed since last execution
    wildcards: run_index=spatial3, section_index=C2
    resources: tmpdir=/tmp


[Sun May 12 13:06:44 2024]
localrule sun1_segmentation_pipeline:
    input: raw_data/spatial1/Panorama_Spatial1_serie2_W6A1_GFP-class_R12_.tiff
    output: processed_data/spatial1/C2_sun1_cells_rois.npz, processed_data/spatial1/C2_sun1_imagej_rois.zip, processed_data/spatial1/C2_sun1_area_correction_rois.npz
    jobid: 29
    reason: Code has changed since last execution
    wildcards: run_index=spatial1, section_index=C2
    resources: tmpdir=/tmp


[Sun May 12 13:06:44 2024]
localrule sun1_segmentation_pipeline:
    input: raw_data/spatial2/Panorama_spatial2_W7A1_GFP-class_R9_.tiff
    output: processed_data/spatial2/D2_sun1_cells_rois.npz, processed_data/spatial2/D2_sun1_imagej_rois.zip, processed_data/spatial2/D2_sun1_area_correction_rois.npz
    jobid: 65
    reason: Code has changed since last execution
    wildcards: run_index=spatial2, section_index=D2
    resources: tmpdir=/tmp


[Sun May 12 13:06:44 2024]
localrule sun1_segmentation_pipeline:
    input: raw_data/spatial3/Panorama_spatial3_W7A1_GFP-class_R9_.tiff
    output: processed_data/spatial3/D2_sun1_cells_rois.npz, processed_data/spatial3/D2_sun1_imagej_rois.zip, processed_data/spatial3/D2_sun1_area_correction_rois.npz
    jobid: 97
    reason: Code has changed since last execution
    wildcards: run_index=spatial3, section_index=D2
    resources: tmpdir=/tmp


[Sun May 12 13:06:44 2024]
localrule sun1_segmentation_pipeline:
    input: raw_data/spatial3/Panorama_spatial3_W0A1_GFP-class_R9_.tiff
    output: processed_data/spatial3/A1_sun1_cells_rois.npz, processed_data/spatial3/A1_sun1_imagej_rois.zip, processed_data/spatial3/A1_sun1_area_correction_rois.npz
    jobid: 69
    reason: Code has changed since last execution
    wildcards: run_index=spatial3, section_index=A1
    resources: tmpdir=/tmp


[Sun May 12 13:06:44 2024]
localrule sun1_segmentation_pipeline:
    input: raw_data/spatial2/Panorama_spatial2_W2A1_GFP-class_R9_.tiff
    output: processed_data/spatial2/C1_sun1_cells_rois.npz, processed_data/spatial2/C1_sun1_imagej_rois.zip, processed_data/spatial2/C1_sun1_area_correction_rois.npz
    jobid: 45
    reason: Code has changed since last execution
    wildcards: run_index=spatial2, section_index=C1
    resources: tmpdir=/tmp


[Sun May 12 13:06:44 2024]
localrule sun1_segmentation_pipeline:
    input: raw_data/spatial2/Panorama_spatial2_W5A1_GFP-class_R9_.tiff
    output: processed_data/spatial2/B2_sun1_cells_rois.npz, processed_data/spatial2/B2_sun1_imagej_rois.zip, processed_data/spatial2/B2_sun1_area_correction_rois.npz
    jobid: 57
    reason: Code has changed since last execution
    wildcards: run_index=spatial2, section_index=B2
    resources: tmpdir=/tmp


[Sun May 12 13:06:44 2024]
localrule sun1_segmentation_pipeline:
    input: raw_data/spatial1/Panorama_Spatial1_serie2_W1A1_GFP-class_R12_.tiff
    output: processed_data/spatial1/B1_sun1_cells_rois.npz, processed_data/spatial1/B1_sun1_imagej_rois.zip, processed_data/spatial1/B1_sun1_area_correction_rois.npz
    jobid: 9
    reason: Code has changed since last execution
    wildcards: run_index=spatial1, section_index=B1
    resources: tmpdir=/tmp


[Sun May 12 13:06:44 2024]
localrule sun1_segmentation_pipeline:
    input: raw_data/spatial1/Panorama_Spatial1_serie2_W5A1_GFP-class_R12_.tiff
    output: processed_data/spatial1/B2_sun1_cells_rois.npz, processed_data/spatial1/B2_sun1_imagej_rois.zip, processed_data/spatial1/B2_sun1_area_correction_rois.npz
    jobid: 25
    reason: Code has changed since last execution
    wildcards: run_index=spatial1, section_index=B2
    resources: tmpdir=/tmp


[Sun May 12 13:06:44 2024]
localrule sun1_segmentation_pipeline:
    input: raw_data/spatial1/Panorama_Spatial1_serie2_W2A1_GFP-class_R12_.tiff
    output: processed_data/spatial1/C1_sun1_cells_rois.npz, processed_data/spatial1/C1_sun1_imagej_rois.zip, processed_data/spatial1/C1_sun1_area_correction_rois.npz
    jobid: 13
    reason: Code has changed since last execution
    wildcards: run_index=spatial1, section_index=C1
    resources: tmpdir=/tmp


[Sun May 12 13:06:44 2024]
localrule sun1_segmentation_pipeline:
    input: raw_data/spatial1/Panorama_Spatial1_serie2_W3A1_GFP-class_R12_.tiff
    output: processed_data/spatial1/D1_sun1_cells_rois.npz, processed_data/spatial1/D1_sun1_imagej_rois.zip, processed_data/spatial1/D1_sun1_area_correction_rois.npz
    jobid: 17
    reason: Code has changed since last execution
    wildcards: run_index=spatial1, section_index=D1
    resources: tmpdir=/tmp


[Sun May 12 13:06:44 2024]
localrule sun1_segmentation_pipeline:
    input: raw_data/spatial1/Panorama_Spatial1_serie2_W0A1_GFP-class_R12_.tiff
    output: processed_data/spatial1/A1_sun1_cells_rois.npz, processed_data/spatial1/A1_sun1_imagej_rois.zip, processed_data/spatial1/A1_sun1_area_correction_rois.npz
    jobid: 5
    reason: Code has changed since last execution
    wildcards: run_index=spatial1, section_index=A1
    resources: tmpdir=/tmp

[Sun May 12 13:27:42 2024]
Finished job 21.
1 of 52 steps (2%) done
Select jobs to execute...
Execute 1 jobs...

[Sun May 12 13:27:42 2024]
localrule spatial_projection_call:
    input: processed_data/spatial1/A2_spatial_object_raw.qs, raw_data/spatial1/Spatial1_serie2_serie2_A2-1_results.txt, processed_data/spatial1/A2_cell_seg_cells_rois.npz, processed_data/spatial1/A2_cell_seg_area_correction_rois.npz, processed_data/spatial1/A2_sun1_cells_rois.npz
    output: processed_data/spatial1/A2_spatial_object_projection_call.qs
    jobid: 18
    reason: Input files updated by another job: processed_data/spatial1/A2_sun1_cells_rois.npz
    wildcards: run_index=spatial1, section_index=A2
    resources: tmpdir=/tmp

[Sun May 12 13:28:56 2024]
Finished job 18.
2 of 52 steps (4%) done
[Sun May 12 13:35:43 2024]
Finished job 9.
3 of 52 steps (6%) done
Select jobs to execute...
Execute 1 jobs...

[Sun May 12 13:35:43 2024]
localrule spatial_projection_call:
    input: processed_data/spatial1/B1_spatial_object_raw.qs, raw_data/spatial1/Spatial1_serie2_serie2_B1-1_results.txt, processed_data/spatial1/B1_cell_seg_cells_rois.npz, processed_data/spatial1/B1_cell_seg_area_correction_rois.npz, processed_data/spatial1/B1_sun1_cells_rois.npz
    output: processed_data/spatial1/B1_spatial_object_projection_call.qs
    jobid: 6
    reason: Input files updated by another job: processed_data/spatial1/B1_sun1_cells_rois.npz
    wildcards: run_index=spatial1, section_index=B1
    resources: tmpdir=/tmp

[Sun May 12 13:36:25 2024]
Finished job 6.
4 of 52 steps (8%) done
[Sun May 12 13:39:27 2024]
Finished job 13.
5 of 52 steps (10%) done
Select jobs to execute...
Execute 1 jobs...

[Sun May 12 13:39:27 2024]
localrule spatial_projection_call:
    input: processed_data/spatial1/C1_spatial_object_raw.qs, raw_data/spatial1/Spatial1_serie2_serie2_C1-1_results.txt, processed_data/spatial1/C1_cell_seg_cells_rois.npz, processed_data/spatial1/C1_cell_seg_area_correction_rois.npz, processed_data/spatial1/C1_sun1_cells_rois.npz
    output: processed_data/spatial1/C1_spatial_object_projection_call.qs
    jobid: 10
    reason: Input files updated by another job: processed_data/spatial1/C1_sun1_cells_rois.npz
    wildcards: run_index=spatial1, section_index=C1
    resources: tmpdir=/tmp

[Sun May 12 13:40:09 2024]
Finished job 10.
6 of 52 steps (12%) done
[Sun May 12 13:41:35 2024]
Finished job 69.
7 of 52 steps (13%) done
Select jobs to execute...
Execute 1 jobs...

[Sun May 12 13:41:35 2024]
localrule spatial_projection_call:
    input: processed_data/spatial3/A1_spatial_object_raw.qs, raw_data/spatial3/spatial3_A1-1_results.txt, processed_data/spatial3/A1_cell_seg_cells_rois.npz, processed_data/spatial3/A1_cell_seg_area_correction_rois.npz, processed_data/spatial3/A1_sun1_cells_rois.npz
    output: processed_data/spatial3/A1_spatial_object_projection_call.qs
    jobid: 66
    reason: Input files updated by another job: processed_data/spatial3/A1_sun1_cells_rois.npz
    wildcards: run_index=spatial3, section_index=A1
    resources: tmpdir=/tmp

[Sun May 12 13:42:17 2024]
Finished job 66.
8 of 52 steps (15%) done
[Sun May 12 13:44:14 2024]
Finished job 29.
9 of 52 steps (17%) done
Select jobs to execute...
Execute 1 jobs...

[Sun May 12 13:44:14 2024]
localrule spatial_projection_call:
    input: processed_data/spatial1/C2_spatial_object_raw.qs, raw_data/spatial1/Spatial1_serie2_serie2_C2-1_results.txt, processed_data/spatial1/C2_cell_seg_cells_rois.npz, processed_data/spatial1/C2_cell_seg_area_correction_rois.npz, processed_data/spatial1/C2_sun1_cells_rois.npz
    output: processed_data/spatial1/C2_spatial_object_projection_call.qs
    jobid: 26
    reason: Input files updated by another job: processed_data/spatial1/C2_sun1_cells_rois.npz
    wildcards: run_index=spatial1, section_index=C2
    resources: tmpdir=/tmp

[Sun May 12 13:44:57 2024]
Finished job 26.
10 of 52 steps (19%) done
[Sun May 12 13:49:34 2024]
Finished job 73.
11 of 52 steps (21%) done
Select jobs to execute...
Execute 1 jobs...

[Sun May 12 13:49:34 2024]
localrule spatial_projection_call:
    input: processed_data/spatial3/B1_spatial_object_raw.qs, raw_data/spatial3/spatial3_B1-1_results.txt, processed_data/spatial3/B1_cell_seg_cells_rois.npz, processed_data/spatial3/B1_cell_seg_area_correction_rois.npz, processed_data/spatial3/B1_sun1_cells_rois.npz
    output: processed_data/spatial3/B1_spatial_object_projection_call.qs
    jobid: 70
    reason: Input files updated by another job: processed_data/spatial3/B1_sun1_cells_rois.npz
    wildcards: run_index=spatial3, section_index=B1
    resources: tmpdir=/tmp

[Sun May 12 13:50:16 2024]
Finished job 70.
12 of 52 steps (23%) done
[Sun May 12 13:55:26 2024]
Finished job 53.
13 of 52 steps (25%) done
Select jobs to execute...
Execute 1 jobs...

[Sun May 12 13:55:26 2024]
localrule spatial_projection_call:
    input: processed_data/spatial2/A2_spatial_object_raw.qs, raw_data/spatial2/spatial2_A2-1_results.txt, processed_data/spatial2/A2_cell_seg_cells_rois.npz, processed_data/spatial2/A2_cell_seg_area_correction_rois.npz, processed_data/spatial2/A2_sun1_cells_rois.npz
    output: processed_data/spatial2/A2_spatial_object_projection_call.qs
    jobid: 50
    reason: Input files updated by another job: processed_data/spatial2/A2_sun1_cells_rois.npz
    wildcards: run_index=spatial2, section_index=A2
    resources: tmpdir=/tmp

[Sun May 12 13:55:27 2024]
Finished job 5.
14 of 52 steps (27%) done
Select jobs to execute...
Execute 1 jobs...

[Sun May 12 13:55:27 2024]
localrule spatial_projection_call:
    input: processed_data/spatial1/A1_spatial_object_raw.qs, raw_data/spatial1/Spatial1_serie2_serie2_A1-1_results.txt, processed_data/spatial1/A1_cell_seg_cells_rois.npz, processed_data/spatial1/A1_cell_seg_area_correction_rois.npz, processed_data/spatial1/A1_sun1_cells_rois.npz
    output: processed_data/spatial1/A1_spatial_object_projection_call.qs
    jobid: 2
    reason: Input files updated by another job: processed_data/spatial1/A1_sun1_cells_rois.npz
    wildcards: run_index=spatial1, section_index=A1
    resources: tmpdir=/tmp

[Sun May 12 13:55:59 2024]
Finished job 25.
15 of 52 steps (29%) done
Select jobs to execute...
Execute 1 jobs...

[Sun May 12 13:55:59 2024]
localrule spatial_projection_call:
    input: processed_data/spatial1/B2_spatial_object_raw.qs, raw_data/spatial1/Spatial1_serie2_serie2_B2-1_results.txt, processed_data/spatial1/B2_cell_seg_cells_rois.npz, processed_data/spatial1/B2_cell_seg_area_correction_rois.npz, processed_data/spatial1/B2_sun1_cells_rois.npz
    output: processed_data/spatial1/B2_spatial_object_projection_call.qs
    jobid: 22
    reason: Input files updated by another job: processed_data/spatial1/B2_sun1_cells_rois.npz
    wildcards: run_index=spatial1, section_index=B2
    resources: tmpdir=/tmp

[Sun May 12 13:56:08 2024]
Finished job 50.
16 of 52 steps (31%) done
[Sun May 12 13:56:09 2024]
Finished job 2.
17 of 52 steps (33%) done
[Sun May 12 13:56:41 2024]
Finished job 22.
18 of 52 steps (35%) done
[Sun May 12 14:13:35 2024]
Finished job 93.
19 of 52 steps (37%) done
Select jobs to execute...
Execute 1 jobs...

[Sun May 12 14:13:35 2024]
localrule spatial_projection_call:
    input: processed_data/spatial3/C2_spatial_object_raw.qs, raw_data/spatial3/spatial3_C2-1_results.txt, processed_data/spatial3/C2_cell_seg_cells_rois.npz, processed_data/spatial3/C2_cell_seg_area_correction_rois.npz, processed_data/spatial3/C2_sun1_cells_rois.npz
    output: processed_data/spatial3/C2_spatial_object_projection_call.qs
    jobid: 90
    reason: Input files updated by another job: processed_data/spatial3/C2_sun1_cells_rois.npz
    wildcards: run_index=spatial3, section_index=C2
    resources: tmpdir=/tmp

[Sun May 12 14:13:35 2024]
Finished job 57.
20 of 52 steps (38%) done
Select jobs to execute...
Execute 1 jobs...

[Sun May 12 14:13:35 2024]
localrule spatial_projection_call:
    input: processed_data/spatial2/B2_spatial_object_raw.qs, raw_data/spatial2/spatial2_B2-1_results.txt, processed_data/spatial2/B2_cell_seg_cells_rois.npz, processed_data/spatial2/B2_cell_seg_area_correction_rois.npz, processed_data/spatial2/B2_sun1_cells_rois.npz
    output: processed_data/spatial2/B2_spatial_object_projection_call.qs
    jobid: 54
    reason: Input files updated by another job: processed_data/spatial2/B2_sun1_cells_rois.npz
    wildcards: run_index=spatial2, section_index=B2
    resources: tmpdir=/tmp

[Sun May 12 14:14:17 2024]
Finished job 90.
21 of 52 steps (40%) done
[Sun May 12 14:14:49 2024]
Finished job 54.
22 of 52 steps (42%) done
[Sun May 12 14:17:51 2024]
Finished job 17.
23 of 52 steps (44%) done
Select jobs to execute...
Execute 1 jobs...

[Sun May 12 14:17:51 2024]
localrule spatial_projection_call:
    input: processed_data/spatial1/D1_spatial_object_raw.qs, raw_data/spatial1/Spatial1_serie2_serie2_D1-1_results.txt, processed_data/spatial1/D1_cell_seg_cells_rois.npz, processed_data/spatial1/D1_cell_seg_area_correction_rois.npz, processed_data/spatial1/D1_sun1_cells_rois.npz
    output: processed_data/spatial1/D1_spatial_object_projection_call.qs
    jobid: 14
    reason: Input files updated by another job: processed_data/spatial1/D1_sun1_cells_rois.npz
    wildcards: run_index=spatial1, section_index=D1
    resources: tmpdir=/tmp

[Sun May 12 14:19:05 2024]
Finished job 14.
24 of 52 steps (46%) done
[Sun May 12 14:23:43 2024]
Finished job 85.
25 of 52 steps (48%) done
Select jobs to execute...
Execute 1 jobs...

[Sun May 12 14:23:43 2024]
localrule spatial_projection_call:
    input: processed_data/spatial3/A2_spatial_object_raw.qs, raw_data/spatial3/spatial3_A2-1_results.txt, processed_data/spatial3/A2_cell_seg_cells_rois.npz, processed_data/spatial3/A2_cell_seg_area_correction_rois.npz, processed_data/spatial3/A2_sun1_cells_rois.npz
    output: processed_data/spatial3/A2_spatial_object_projection_call.qs
    jobid: 82
    reason: Input files updated by another job: processed_data/spatial3/A2_sun1_cells_rois.npz
    wildcards: run_index=spatial3, section_index=A2
    resources: tmpdir=/tmp

[Sun May 12 14:24:25 2024]
Finished job 82.
26 of 52 steps (50%) done
[Sun May 12 14:26:55 2024]
Finished job 49.
27 of 52 steps (52%) done
Select jobs to execute...
Execute 1 jobs...

[Sun May 12 14:26:55 2024]
localrule spatial_projection_call:
    input: processed_data/spatial2/D1_spatial_object_raw.qs, raw_data/spatial2/spatial2_D1-1_results.txt, processed_data/spatial2/D1_cell_seg_cells_rois.npz, processed_data/spatial2/D1_cell_seg_area_correction_rois.npz, processed_data/spatial2/D1_sun1_cells_rois.npz
    output: processed_data/spatial2/D1_spatial_object_projection_call.qs
    jobid: 46
    reason: Input files updated by another job: processed_data/spatial2/D1_sun1_cells_rois.npz
    wildcards: run_index=spatial2, section_index=D1
    resources: tmpdir=/tmp

[Sun May 12 14:28:09 2024]
Finished job 46.
28 of 52 steps (54%) done
[Sun May 12 14:28:31 2024]
Finished job 37.
29 of 52 steps (56%) done
Select jobs to execute...
Execute 1 jobs...

[Sun May 12 14:28:31 2024]
localrule spatial_projection_call:
    input: processed_data/spatial2/A1_spatial_object_raw.qs, raw_data/spatial2/spatial2_A1-1_results.txt, processed_data/spatial2/A1_cell_seg_cells_rois.npz, processed_data/spatial2/A1_cell_seg_area_correction_rois.npz, processed_data/spatial2/A1_sun1_cells_rois.npz
    output: processed_data/spatial2/A1_spatial_object_projection_call.qs
    jobid: 34
    reason: Input files updated by another job: processed_data/spatial2/A1_sun1_cells_rois.npz
    wildcards: run_index=spatial2, section_index=A1
    resources: tmpdir=/tmp

[Sun May 12 14:29:03 2024]
Finished job 81.
30 of 52 steps (58%) done
Select jobs to execute...
Execute 1 jobs...

[Sun May 12 14:29:03 2024]
localrule spatial_projection_call:
    input: processed_data/spatial3/D1_spatial_object_raw.qs, raw_data/spatial3/spatial3_D1-1_results.txt, processed_data/spatial3/D1_cell_seg_cells_rois.npz, processed_data/spatial3/D1_cell_seg_area_correction_rois.npz, processed_data/spatial3/D1_sun1_cells_rois.npz
    output: processed_data/spatial3/D1_spatial_object_projection_call.qs
    jobid: 78
    reason: Input files updated by another job: processed_data/spatial3/D1_sun1_cells_rois.npz
    wildcards: run_index=spatial3, section_index=D1
    resources: tmpdir=/tmp

[Sun May 12 14:29:45 2024]
Finished job 34.
31 of 52 steps (60%) done
[Sun May 12 14:30:17 2024]
Finished job 78.
32 of 52 steps (62%) done
[Sun May 12 14:30:39 2024]
Finished job 77.
33 of 52 steps (63%) done
Select jobs to execute...
Execute 1 jobs...

[Sun May 12 14:30:39 2024]
localrule spatial_projection_call:
    input: processed_data/spatial3/C1_spatial_object_raw.qs, raw_data/spatial3/spatial3_C1-1_results.txt, processed_data/spatial3/C1_cell_seg_cells_rois.npz, processed_data/spatial3/C1_cell_seg_area_correction_rois.npz, processed_data/spatial3/C1_sun1_cells_rois.npz
    output: processed_data/spatial3/C1_spatial_object_projection_call.qs
    jobid: 74
    reason: Input files updated by another job: processed_data/spatial3/C1_sun1_cells_rois.npz
    wildcards: run_index=spatial3, section_index=C1
    resources: tmpdir=/tmp

[Sun May 12 14:31:53 2024]
Finished job 74.
34 of 52 steps (65%) done
[Sun May 12 14:35:27 2024]
Finished job 89.
35 of 52 steps (67%) done
Select jobs to execute...
Execute 1 jobs...

[Sun May 12 14:35:27 2024]
localrule spatial_projection_call:
    input: processed_data/spatial3/B2_spatial_object_raw.qs, raw_data/spatial3/spatial3_B2-1_results.txt, processed_data/spatial3/B2_cell_seg_cells_rois.npz, processed_data/spatial3/B2_cell_seg_area_correction_rois.npz, processed_data/spatial3/B2_sun1_cells_rois.npz
    output: processed_data/spatial3/B2_spatial_object_projection_call.qs
    jobid: 86
    reason: Input files updated by another job: processed_data/spatial3/B2_sun1_cells_rois.npz
    wildcards: run_index=spatial3, section_index=B2
    resources: tmpdir=/tmp

[Sun May 12 14:36:41 2024]
Finished job 86.
36 of 52 steps (69%) done
[Sun May 12 14:40:47 2024]
Finished job 41.
37 of 52 steps (71%) done
Select jobs to execute...
Execute 1 jobs...

[Sun May 12 14:40:47 2024]
localrule spatial_projection_call:
    input: processed_data/spatial2/B1_spatial_object_raw.qs, raw_data/spatial2/spatial2_B1-1_results.txt, processed_data/spatial2/B1_cell_seg_cells_rois.npz, processed_data/spatial2/B1_cell_seg_area_correction_rois.npz, processed_data/spatial2/B1_sun1_cells_rois.npz
    output: processed_data/spatial2/B1_spatial_object_projection_call.qs
    jobid: 38
    reason: Input files updated by another job: processed_data/spatial2/B1_sun1_cells_rois.npz
    wildcards: run_index=spatial2, section_index=B1
    resources: tmpdir=/tmp

[Sun May 12 14:42:01 2024]
Finished job 38.
38 of 52 steps (73%) done
[Sun May 12 14:48:15 2024]
Finished job 97.
39 of 52 steps (75%) done
Select jobs to execute...
Execute 1 jobs...

[Sun May 12 14:48:15 2024]
localrule spatial_projection_call:
    input: processed_data/spatial3/D2_spatial_object_raw.qs, raw_data/spatial3/spatial3_D2-1_results.txt, processed_data/spatial3/D2_cell_seg_cells_rois.npz, processed_data/spatial3/D2_cell_seg_area_correction_rois.npz, processed_data/spatial3/D2_sun1_cells_rois.npz
    output: processed_data/spatial3/D2_spatial_object_projection_call.qs
    jobid: 94
    reason: Input files updated by another job: processed_data/spatial3/D2_sun1_cells_rois.npz
    wildcards: run_index=spatial3, section_index=D2
    resources: tmpdir=/tmp

[Sun May 12 14:49:29 2024]
Finished job 94.
40 of 52 steps (77%) done
[Sun May 12 14:49:51 2024]
Finished job 65.
41 of 52 steps (79%) done
Select jobs to execute...
Execute 1 jobs...

[Sun May 12 14:49:51 2024]
localrule spatial_projection_call:
    input: processed_data/spatial2/D2_spatial_object_raw.qs, raw_data/spatial2/spatial2_D2-1_results.txt, processed_data/spatial2/D2_cell_seg_cells_rois.npz, processed_data/spatial2/D2_cell_seg_area_correction_rois.npz, processed_data/spatial2/D2_sun1_cells_rois.npz
    output: processed_data/spatial2/D2_spatial_object_projection_call.qs
    jobid: 62
    reason: Input files updated by another job: processed_data/spatial2/D2_sun1_cells_rois.npz
    wildcards: run_index=spatial2, section_index=D2
    resources: tmpdir=/tmp

[Sun May 12 14:51:05 2024]
Finished job 62.
42 of 52 steps (81%) done
[Sun May 12 14:54:39 2024]
Finished job 61.
43 of 52 steps (83%) done
Select jobs to execute...
Execute 1 jobs...

[Sun May 12 14:54:39 2024]
localrule spatial_projection_call:
    input: processed_data/spatial2/C2_spatial_object_raw.qs, raw_data/spatial2/spatial2_C2-1_results.txt, processed_data/spatial2/C2_cell_seg_cells_rois.npz, processed_data/spatial2/C2_cell_seg_area_correction_rois.npz, processed_data/spatial2/C2_sun1_cells_rois.npz
    output: processed_data/spatial2/C2_spatial_object_projection_call.qs
    jobid: 58
    reason: Input files updated by another job: processed_data/spatial2/C2_sun1_cells_rois.npz
    wildcards: run_index=spatial2, section_index=C2
    resources: tmpdir=/tmp

[Sun May 12 14:55:53 2024]
Finished job 58.
44 of 52 steps (85%) done
[Sun May 12 14:57:19 2024]
Finished job 33.
45 of 52 steps (87%) done
Select jobs to execute...
Execute 1 jobs...

[Sun May 12 14:57:19 2024]
localrule spatial_projection_call:
    input: processed_data/spatial1/D2_spatial_object_raw.qs, raw_data/spatial1/Spatial1_serie2_serie2_D2-1_results.txt, processed_data/spatial1/D2_cell_seg_cells_rois.npz, processed_data/spatial1/D2_cell_seg_area_correction_rois.npz, processed_data/spatial1/D2_sun1_cells_rois.npz
    output: processed_data/spatial1/D2_spatial_object_projection_call.qs
    jobid: 30
    reason: Input files updated by another job: processed_data/spatial1/D2_sun1_cells_rois.npz
    wildcards: run_index=spatial1, section_index=D2
    resources: tmpdir=/tmp

[Sun May 12 14:58:33 2024]
Finished job 30.
46 of 52 steps (88%) done
[Sun May 12 15:28:48 2024]
Finished job 45.
47 of 52 steps (90%) done
Select jobs to execute...
Execute 1 jobs...

[Sun May 12 15:28:48 2024]
localrule spatial_projection_call:
    input: processed_data/spatial2/C1_spatial_object_raw.qs, raw_data/spatial2/spatial2_C1-1_results.txt, processed_data/spatial2/C1_cell_seg_cells_rois.npz, processed_data/spatial2/C1_cell_seg_area_correction_rois.npz, processed_data/spatial2/C1_sun1_cells_rois.npz
    output: processed_data/spatial2/C1_spatial_object_projection_call.qs
    jobid: 42
    reason: Input files updated by another job: processed_data/spatial2/C1_sun1_cells_rois.npz
    wildcards: run_index=spatial2, section_index=C1
    resources: tmpdir=/tmp

[Sun May 12 15:30:02 2024]
Finished job 42.
48 of 52 steps (92%) done
Select jobs to execute...
Execute 3 jobs...

[Sun May 12 15:30:02 2024]
localrule spatial_merge:
    input: processed_data/spatial1/A1_spatial_object_projection_call.qs, processed_data/spatial1/B1_spatial_object_projection_call.qs, processed_data/spatial1/C1_spatial_object_projection_call.qs, processed_data/spatial1/D1_spatial_object_projection_call.qs, processed_data/spatial1/A2_spatial_object_projection_call.qs, processed_data/spatial1/B2_spatial_object_projection_call.qs, processed_data/spatial1/C2_spatial_object_projection_call.qs, processed_data/spatial1/D2_spatial_object_projection_call.qs, processed_data/spatial2/A1_spatial_object_projection_call.qs, processed_data/spatial2/B1_spatial_object_projection_call.qs, processed_data/spatial2/C1_spatial_object_projection_call.qs, processed_data/spatial2/D1_spatial_object_projection_call.qs, processed_data/spatial2/A2_spatial_object_projection_call.qs, processed_data/spatial2/B2_spatial_object_projection_call.qs, processed_data/spatial2/C2_spatial_object_projection_call.qs, processed_data/spatial2/D2_spatial_object_projection_call.qs, processed_data/spatial3/A1_spatial_object_projection_call.qs, processed_data/spatial3/B1_spatial_object_projection_call.qs, processed_data/spatial3/C1_spatial_object_projection_call.qs, processed_data/spatial3/D1_spatial_object_projection_call.qs, processed_data/spatial3/A2_spatial_object_projection_call.qs, processed_data/spatial3/B2_spatial_object_projection_call.qs, processed_data/spatial3/C2_spatial_object_projection_call.qs, processed_data/spatial3/D2_spatial_object_projection_call.qs
    output: processed_data/spatial2/spatial_object_merged.qs
    jobid: 98
    reason: Missing output files: processed_data/spatial2/spatial_object_merged.qs; Input files updated by another job: processed_data/spatial1/C2_spatial_object_projection_call.qs, processed_data/spatial2/D1_spatial_object_projection_call.qs, processed_data/spatial2/D2_spatial_object_projection_call.qs, processed_data/spatial1/D1_spatial_object_projection_call.qs, processed_data/spatial1/A1_spatial_object_projection_call.qs, processed_data/spatial3/A2_spatial_object_projection_call.qs, processed_data/spatial3/D1_spatial_object_projection_call.qs, processed_data/spatial1/C1_spatial_object_projection_call.qs, processed_data/spatial1/B1_spatial_object_projection_call.qs, processed_data/spatial2/B1_spatial_object_projection_call.qs, processed_data/spatial3/B1_spatial_object_projection_call.qs, processed_data/spatial2/C2_spatial_object_projection_call.qs, processed_data/spatial1/A2_spatial_object_projection_call.qs, processed_data/spatial2/C1_spatial_object_projection_call.qs, processed_data/spatial2/A1_spatial_object_projection_call.qs, processed_data/spatial3/B2_spatial_object_projection_call.qs, processed_data/spatial3/C1_spatial_object_projection_call.qs, processed_data/spatial1/B2_spatial_object_projection_call.qs, processed_data/spatial3/D2_spatial_object_projection_call.qs, processed_data/spatial2/A2_spatial_object_projection_call.qs, processed_data/spatial3/A1_spatial_object_projection_call.qs, processed_data/spatial1/D2_spatial_object_projection_call.qs, processed_data/spatial2/B2_spatial_object_projection_call.qs, processed_data/spatial3/C2_spatial_object_projection_call.qs
    wildcards: run_index=spatial2
    resources: tmpdir=/tmp

RuleException in rule spatial_merge in file /maps/projects/cbmr_shared/people/wqc597/neuronal_projection_classifier/scripts/project_pipeline.snakefile, line 23:
NameError: The name 'run_index' is unknown in this context. Did you mean 'wildcards.run_index'?, when formatting the following:
Rscript scripts/spatial_merge.R -o processed_data/{run_index} -f {input.spatial_objects}
